[19:21:15] [ServerMain/INFO]: [bootstrap] Running Java 21 (OpenJDK 64-Bit Server VM 21.0.4+7-LTS; Eclipse Adoptium Temurin-21.0.4+7) on Linux 6.5.0-1025-azure (amd64)
[19:21:15] [ServerMain/INFO]: [bootstrap] Loading Purpur 1.21-2284-ver/1.21@4e55e26 (2024-08-10T17:35:56Z) for Minecraft 1.21
[19:21:16] [ServerMain/INFO]: [PluginInitializerManager] Initializing plugins...
[19:21:16] [Paper Plugin Remapper Thread - 1/INFO]: [PluginRemapper] Remapping plugin 'plugins/connect-spigot (3).jar'...
[19:21:23] [Paper Plugin Remapper Thread - 1/INFO]: [PluginRemapper] Done remapping plugin 'plugins/connect-spigot (3).jar' in 6580ms.
[19:21:23] [ServerMain/INFO]: [PluginInitializerManager] Initialized 15 plugins
[19:21:23] [ServerMain/INFO]: [PluginInitializerManager] Paper plugins (2):
 - LibreLogin (0.23.0), VirtualPlayers (3.0.0)
[19:21:23] [ServerMain/INFO]: [PluginInitializerManager] Bukkit plugins (13):
 - BuildPaste (1.11.1), FastAsyncWorldEdit (2.11.1), ImageFrame (1.7.10.0), LetUrMemoryRest (3.2), MagmanodeCore (1.0-SNAPSHOT), MinecraftDashboard (1.1.7), ProtocolLib (5.3.0-SNAPSHOT-726), UltimateTeams (2.5), Veinminer (2.1.3), ViaBackwards (5.0.4-SNAPSHOT), ViaVersion (5.0.4-SNAPSHOT), WorldGuard (7.0.11-beta1+a801a9d), connect (0.5.0)
[19:21:28] [ServerMain/INFO]: Environment: Environment[sessionHost=https://sessionserver.mojang.com, servicesHost=https://api.minecraftservices.com, name=PROD]
[19:21:39] [ServerMain/INFO]: Loaded 1290 recipes
[19:21:43] [ServerMain/INFO]: Loaded 2496 advancements
[19:21:45] [Server thread/INFO]: Starting minecraft server version 1.21
[19:21:45] [Server thread/INFO]: Loading properties
[19:21:45] [Server thread/INFO]: This server is running Purpur version 1.21-2284-ver/1.21@4e55e26 (2024-08-10T17:35:56Z) (Implementing API version 1.21-R0.1-SNAPSHOT)
[19:21:46] [Server thread/INFO]: [spark] This server bundles the spark profiler. For more information please visit https://docs.papermc.io/paper/profiling
[19:21:46] [Server thread/INFO]: Server Ping Player Sample Count: 12
[19:21:46] [Server thread/INFO]: Using 4 threads for Netty based IO
[19:21:48] [Server thread/INFO]: [ChunkTaskScheduler] Chunk system is using 1 I/O threads, 1 worker threads, and population gen parallelism of 1 threads
[19:21:50] [Server thread/INFO]: Default game type: SURVIVAL
[19:21:50] [Server thread/INFO]: Generating keypair
[19:21:50] [Server thread/INFO]: Starting Minecraft server on 0.0.0.0:24129
[19:21:50] [Server thread/INFO]: Using default channel type
[19:21:50] [Server thread/INFO]: Paper: Using libdeflate (Linux x86_64) compression from Velocity.
[19:21:50] [Server thread/INFO]: Paper: Using OpenSSL 3.0.x (Linux x86_64) cipher from Velocity.
[19:21:54] [Server thread/INFO]: [SpigotLibraryLoader] [UltimateTeams] Loading 6 libraries... please wait
[19:21:55] [Server thread/INFO]: [SpigotLibraryLoader] [UltimateTeams] Loaded library /home/runner/work/IgotAFellingproblemsiklol/IgotAFellingproblemsiklol/libraries/com/mysql/mysql-connector-j/9.0.0/mysql-connector-j-9.0.0.jar
[19:21:55] [Server thread/INFO]: [SpigotLibraryLoader] [UltimateTeams] Loaded library /home/runner/work/IgotAFellingproblemsiklol/IgotAFellingproblemsiklol/libraries/com/google/protobuf/protobuf-java/4.26.1/protobuf-java-4.26.1.jar
[19:21:55] [Server thread/INFO]: [SpigotLibraryLoader] [UltimateTeams] Loaded library /home/runner/work/IgotAFellingproblemsiklol/IgotAFellingproblemsiklol/libraries/org/mariadb/jdbc/mariadb-java-client/3.4.1/mariadb-java-client-3.4.1.jar
[19:21:55] [Server thread/INFO]: [SpigotLibraryLoader] [UltimateTeams] Loaded library /home/runner/work/IgotAFellingproblemsiklol/IgotAFellingproblemsiklol/libraries/com/github/waffle/waffle-jna/3.3.0/waffle-jna-3.3.0.jar
[19:21:55] [Server thread/INFO]: [SpigotLibraryLoader] [UltimateTeams] Loaded library /home/runner/work/IgotAFellingproblemsiklol/IgotAFellingproblemsiklol/libraries/net/java/dev/jna/jna/5.13.0/jna-5.13.0.jar
[19:21:55] [Server thread/INFO]: [SpigotLibraryLoader] [UltimateTeams] Loaded library /home/runner/work/IgotAFellingproblemsiklol/IgotAFellingproblemsiklol/libraries/net/java/dev/jna/jna-platform/5.13.0/jna-platform-5.13.0.jar
[19:21:55] [Server thread/INFO]: [SpigotLibraryLoader] [UltimateTeams] Loaded library /home/runner/work/IgotAFellingproblemsiklol/IgotAFellingproblemsiklol/libraries/org/slf4j/jcl-over-slf4j/2.0.7/jcl-over-slf4j-2.0.7.jar
[19:21:55] [Server thread/INFO]: [SpigotLibraryLoader] [UltimateTeams] Loaded library /home/runner/work/IgotAFellingproblemsiklol/IgotAFellingproblemsiklol/libraries/com/github/ben-manes/caffeine/caffeine/2.9.3/caffeine-2.9.3.jar
[19:21:55] [Server thread/INFO]: [SpigotLibraryLoader] [UltimateTeams] Loaded library /home/runner/work/IgotAFellingproblemsiklol/IgotAFellingproblemsiklol/libraries/com/google/errorprone/error_prone_annotations/2.10.0/error_prone_annotations-2.10.0.jar
[19:21:55] [Server thread/INFO]: [SpigotLibraryLoader] [UltimateTeams] Loaded library /home/runner/work/IgotAFellingproblemsiklol/IgotAFellingproblemsiklol/libraries/org/xerial/sqlite-jdbc/3.46.1.0/sqlite-jdbc-3.46.1.0.jar
[19:21:55] [Server thread/INFO]: [SpigotLibraryLoader] [UltimateTeams] Loaded library /home/runner/work/IgotAFellingproblemsiklol/IgotAFellingproblemsiklol/libraries/org/slf4j/slf4j-api/1.7.36/slf4j-api-1.7.36.jar
[19:21:55] [Server thread/INFO]: [SpigotLibraryLoader] [UltimateTeams] Loaded library /home/runner/work/IgotAFellingproblemsiklol/IgotAFellingproblemsiklol/libraries/com/h2database/h2/2.3.232/h2-2.3.232.jar
[19:21:55] [Server thread/INFO]: [SpigotLibraryLoader] [UltimateTeams] Loaded library /home/runner/work/IgotAFellingproblemsiklol/IgotAFellingproblemsiklol/libraries/com/zaxxer/HikariCP/5.1.0/HikariCP-5.1.0.jar
[19:21:55] [Server thread/INFO]: [SpigotLibraryLoader] [UltimateTeams] Loaded library /home/runner/work/IgotAFellingproblemsiklol/IgotAFellingproblemsiklol/libraries/org/postgresql/postgresql/42.7.3/postgresql-42.7.3.jar
[19:21:55] [Server thread/INFO]: [SpigotLibraryLoader] [UltimateTeams] Loaded library /home/runner/work/IgotAFellingproblemsiklol/IgotAFellingproblemsiklol/libraries/org/checkerframework/checker-qual/3.42.0/checker-qual-3.42.0.jar
[19:21:55] [Server thread/INFO]: [SpigotLibraryLoader] [Veinminer] Loading 4 libraries... please wait
[19:21:55] [Server thread/INFO]: [SpigotLibraryLoader] [Veinminer] Loaded library /home/runner/work/IgotAFellingproblemsiklol/IgotAFellingproblemsiklol/libraries/org/jetbrains/kotlin/kotlin-stdlib/2.0.0/kotlin-stdlib-2.0.0.jar
[19:21:55] [Server thread/INFO]: [SpigotLibraryLoader] [Veinminer] Loaded library /home/runner/work/IgotAFellingproblemsiklol/IgotAFellingproblemsiklol/libraries/org/jetbrains/annotations/13.0/annotations-13.0.jar
[19:21:55] [Server thread/INFO]: [SpigotLibraryLoader] [Veinminer] Loaded library /home/runner/work/IgotAFellingproblemsiklol/IgotAFellingproblemsiklol/libraries/org/jetbrains/kotlinx/kotlinx-serialization-json/1.7.1/kotlinx-serialization-json-1.7.1.jar
[19:21:55] [Server thread/INFO]: [SpigotLibraryLoader] [Veinminer] Loaded library /home/runner/work/IgotAFellingproblemsiklol/IgotAFellingproblemsiklol/libraries/org/jetbrains/kotlinx/kotlinx-serialization-json-jvm/1.7.1/kotlinx-serialization-json-jvm-1.7.1.jar
[19:21:55] [Server thread/INFO]: [SpigotLibraryLoader] [Veinminer] Loaded library /home/runner/work/IgotAFellingproblemsiklol/IgotAFellingproblemsiklol/libraries/org/jetbrains/kotlin/kotlin-stdlib-common/2.0.0/kotlin-stdlib-common-2.0.0.jar
[19:21:55] [Server thread/INFO]: [SpigotLibraryLoader] [Veinminer] Loaded library /home/runner/work/IgotAFellingproblemsiklol/IgotAFellingproblemsiklol/libraries/org/jetbrains/kotlinx/kotlinx-serialization-core-jvm/1.7.1/kotlinx-serialization-core-jvm-1.7.1.jar
[19:21:55] [Server thread/INFO]: [SpigotLibraryLoader] [Veinminer] Loaded library /home/runner/work/IgotAFellingproblemsiklol/IgotAFellingproblemsiklol/libraries/org/jetbrains/kotlinx/kotlinx-coroutines-core/1.9.0-RC/kotlinx-coroutines-core-1.9.0-RC.jar
[19:21:55] [Server thread/INFO]: [SpigotLibraryLoader] [Veinminer] Loaded library /home/runner/work/IgotAFellingproblemsiklol/IgotAFellingproblemsiklol/libraries/org/jetbrains/kotlinx/kotlinx-coroutines-core-jvm/1.9.0-RC/kotlinx-coroutines-core-jvm-1.9.0-RC.jar
[19:21:55] [Server thread/INFO]: [SpigotLibraryLoader] [Veinminer] Loaded library /home/runner/work/IgotAFellingproblemsiklol/IgotAFellingproblemsiklol/libraries/de/miraculixx/kpaper/1.2.1/kpaper-1.2.1.jar
[19:21:55] [Server thread/INFO]: [SpigotLibraryLoader] [Veinminer] Loaded library /home/runner/work/IgotAFellingproblemsiklol/IgotAFellingproblemsiklol/libraries/org/jetbrains/kotlinx/kotlinx-coroutines-jdk8/1.7.1/kotlinx-coroutines-jdk8-1.7.1.jar
[19:21:55] [Server thread/INFO]: [SpigotLibraryLoader] [Veinminer] Loaded library /home/runner/work/IgotAFellingproblemsiklol/IgotAFellingproblemsiklol/libraries/org/jetbrains/kotlin/kotlin-stdlib-jdk8/1.8.22/kotlin-stdlib-jdk8-1.8.22.jar
[19:21:55] [Server thread/INFO]: [SpigotLibraryLoader] [Veinminer] Loaded library /home/runner/work/IgotAFellingproblemsiklol/IgotAFellingproblemsiklol/libraries/org/jetbrains/kotlin/kotlin-stdlib-jdk7/1.8.22/kotlin-stdlib-jdk7-1.8.22.jar
[19:21:55] [Server thread/WARN]: [org.bukkit.craftbukkit.legacy.CraftLegacy] Initializing Legacy Material Support. Unless you have legacy plugins and/or data this is a bug!
[19:22:03] [Server thread/WARN]: Legacy plugin MagmanodeCore v1.0-SNAPSHOT does not specify an api-version.
[19:22:03] [Server thread/INFO]: [ViaVersion] Loading server plugin ViaVersion v5.0.4-SNAPSHOT
[19:22:03] [Server thread/INFO]: [ViaVersion] ViaVersion 5.0.4-SNAPSHOT is now loaded. Registering protocol transformers and injecting...
[19:22:04] [Via-Mappingloader-0/INFO]: [ViaVersion] Loading block connection mappings ...
[19:22:04] [Via-Mappingloader-0/INFO]: [ViaVersion] Using FastUtil Long2ObjectOpenHashMap for block connections
[19:22:05] [Server thread/INFO]: [ViaBackwards] Loading translations...
[19:22:05] [Server thread/INFO]: [ViaBackwards] Registering protocols...
[19:22:06] [Server thread/INFO]: [FastAsyncWorldEdit] Loading server plugin FastAsyncWorldEdit v2.11.1
[19:22:08] [Server thread/INFO]: Got request to register class com.sk89q.worldedit.bukkit.BukkitServerInterface with WorldEdit [com.sk89q.worldedit.extension.platform.PlatformManager@1a4e2371]
[19:22:08] [Server thread/INFO]: [VirtualPlayers] Loading server plugin VirtualPlayers v3.0.0
[19:22:08] [Server thread/INFO]: [MinecraftDashboard] Loading server plugin MinecraftDashboard v1.1.7
[19:22:08] [Server thread/INFO]: [ImageFrame] Loading server plugin ImageFrame v1.7.10.0
[19:22:08] [Server thread/INFO]: [UltimateTeams] Loading server plugin UltimateTeams v2.5
[19:22:08] [Server thread/INFO]: [LetUrMemoryRest] Loading server plugin LetUrMemoryRest v3.2
[19:22:08] [Server thread/INFO]: [Veinminer] Loading server plugin Veinminer v2.1.3
[19:22:09] [Server thread/INFO]: [connect] Loading server plugin connect v0.5.0
